2021-08-15 10:37:26,006 [Worker-1: Loading available Gradle versions] INFO  o.e.b.c.i.u.g.PublishedGradleVersions - Gradle version information cache is out-of-date. Trying to update.
2021-08-15 10:39:04,564 [Worker-11: Importing Maven projects] INFO  o.e.m.c.i.e.AbstractTransferListenerAdapter - Downloading https://repo.maven.apache.org/maven2/org/apache/maven/plugins/maven-compiler-plugin/3.0/maven-compiler-plugin-3.0.jar
2021-08-15 10:39:04,759 [Worker-11: Importing Maven projects] INFO  o.e.m.c.i.e.AbstractTransferListenerAdapter - Downloaded https://repo.maven.apache.org/maven2/org/apache/maven/plugins/maven-compiler-plugin/3.0/maven-compiler-plugin-3.0.jar
2021-08-15 10:39:04,936 [Worker-11: Importing Maven projects] INFO  o.e.m.c.i.e.AbstractTransferListenerAdapter - Downloading https://repo.maven.apache.org/maven2/org/apache/maven/plugins/maven-surefire-plugin/2.18.1/maven-surefire-plugin-2.18.1.jar
2021-08-15 10:39:05,055 [Worker-11: Importing Maven projects] INFO  o.e.m.c.i.e.AbstractTransferListenerAdapter - Downloaded https://repo.maven.apache.org/maven2/org/apache/maven/plugins/maven-surefire-plugin/2.18.1/maven-surefire-plugin-2.18.1.jar
2021-08-15 10:39:05,619 [Worker-11: Importing Maven projects] INFO  o.e.m.c.i.e.AbstractTransferListenerAdapter - Downloading https://repo.maven.apache.org/maven2/org/apache/maven/plugins/maven-compiler-plugin/3.0/maven-compiler-plugin-3.0.pom
2021-08-15 10:39:05,681 [Worker-11: Importing Maven projects] INFO  o.e.m.c.i.e.AbstractTransferListenerAdapter - Downloaded https://repo.maven.apache.org/maven2/org/apache/maven/plugins/maven-compiler-plugin/3.0/maven-compiler-plugin-3.0.pom
2021-08-15 10:39:06,843 [Worker-11: Importing Maven projects] INFO  o.e.m.c.i.e.AbstractTransferListenerAdapter - Downloading https://repo.maven.apache.org/maven2/org/apache/maven/shared/maven-shared-incremental/1.0/maven-shared-incremental-1.0.pom
2021-08-15 10:39:06,884 [Worker-11: Importing Maven projects] INFO  o.e.m.c.i.e.AbstractTransferListenerAdapter - Downloaded https://repo.maven.apache.org/maven2/org/apache/maven/shared/maven-shared-incremental/1.0/maven-shared-incremental-1.0.pom
2021-08-15 10:39:07,492 [Worker-11: Importing Maven projects] INFO  o.e.m.c.i.e.AbstractTransferListenerAdapter - Downloading https://repo.maven.apache.org/maven2/org/codehaus/plexus/plexus-compiler-api/2.0/plexus-compiler-api-2.0.pom
2021-08-15 10:39:07,531 [Worker-11: Importing Maven projects] INFO  o.e.m.c.i.e.AbstractTransferListenerAdapter - Downloaded https://repo.maven.apache.org/maven2/org/codehaus/plexus/plexus-compiler-api/2.0/plexus-compiler-api-2.0.pom
2021-08-15 10:39:07,562 [Worker-11: Importing Maven projects] INFO  o.e.m.c.i.e.AbstractTransferListenerAdapter - Downloading https://repo.maven.apache.org/maven2/org/codehaus/plexus/plexus-compiler/2.0/plexus-compiler-2.0.pom
2021-08-15 10:39:07,598 [Worker-11: Importing Maven projects] INFO  o.e.m.c.i.e.AbstractTransferListenerAdapter - Downloaded https://repo.maven.apache.org/maven2/org/codehaus/plexus/plexus-compiler/2.0/plexus-compiler-2.0.pom
2021-08-15 10:39:07,620 [Worker-11: Importing Maven projects] INFO  o.e.m.c.i.e.AbstractTransferListenerAdapter - Downloading https://repo.maven.apache.org/maven2/org/codehaus/plexus/plexus-components/1.3/plexus-components-1.3.pom
2021-08-15 10:39:07,667 [Worker-11: Importing Maven projects] INFO  o.e.m.c.i.e.AbstractTransferListenerAdapter - Downloaded https://repo.maven.apache.org/maven2/org/codehaus/plexus/plexus-components/1.3/plexus-components-1.3.pom
2021-08-15 10:39:07,689 [Worker-11: Importing Maven projects] INFO  o.e.m.c.i.e.AbstractTransferListenerAdapter - Downloading https://repo.maven.apache.org/maven2/org/codehaus/plexus/plexus/3.3/plexus-3.3.pom
2021-08-15 10:39:07,720 [Worker-11: Importing Maven projects] INFO  o.e.m.c.i.e.AbstractTransferListenerAdapter - Downloaded https://repo.maven.apache.org/maven2/org/codehaus/plexus/plexus/3.3/plexus-3.3.pom
2021-08-15 10:39:07,810 [Worker-11: Importing Maven projects] INFO  o.e.m.c.i.e.AbstractTransferListenerAdapter - Downloading https://repo.maven.apache.org/maven2/org/codehaus/plexus/plexus-compiler-manager/2.0/plexus-compiler-manager-2.0.pom
2021-08-15 10:39:07,836 [Worker-11: Importing Maven projects] INFO  o.e.m.c.i.e.AbstractTransferListenerAdapter - Downloaded https://repo.maven.apache.org/maven2/org/codehaus/plexus/plexus-compiler-manager/2.0/plexus-compiler-manager-2.0.pom
2021-08-15 10:39:07,860 [Worker-11: Importing Maven projects] INFO  o.e.m.c.i.e.AbstractTransferListenerAdapter - Downloading https://repo.maven.apache.org/maven2/org/codehaus/plexus/plexus-compiler-javac/2.0/plexus-compiler-javac-2.0.pom
2021-08-15 10:39:07,899 [Worker-11: Importing Maven projects] INFO  o.e.m.c.i.e.AbstractTransferListenerAdapter - Downloaded https://repo.maven.apache.org/maven2/org/codehaus/plexus/plexus-compiler-javac/2.0/plexus-compiler-javac-2.0.pom
2021-08-15 10:39:07,918 [Worker-11: Importing Maven projects] INFO  o.e.m.c.i.e.AbstractTransferListenerAdapter - Downloading https://repo.maven.apache.org/maven2/org/codehaus/plexus/plexus-compilers/2.0/plexus-compilers-2.0.pom
2021-08-15 10:39:07,950 [Worker-11: Importing Maven projects] INFO  o.e.m.c.i.e.AbstractTransferListenerAdapter - Downloaded https://repo.maven.apache.org/maven2/org/codehaus/plexus/plexus-compilers/2.0/plexus-compilers-2.0.pom
2021-08-15 10:39:08,202 [AetherRepositoryConnector-repo.maven.apache.org-0-1] INFO  o.e.m.c.i.e.AbstractTransferListenerAdapter - Downloading https://repo.maven.apache.org/maven2/org/codehaus/plexus/plexus-compiler-api/2.0/plexus-compiler-api-2.0.jar
2021-08-15 10:39:08,214 [AetherRepositoryConnector-repo.maven.apache.org-0-0] INFO  o.e.m.c.i.e.AbstractTransferListenerAdapter - Downloading https://repo.maven.apache.org/maven2/org/apache/maven/shared/maven-shared-incremental/1.0/maven-shared-incremental-1.0.jar
2021-08-15 10:39:08,215 [AetherRepositoryConnector-repo.maven.apache.org-0-2] INFO  o.e.m.c.i.e.AbstractTransferListenerAdapter - Downloading https://repo.maven.apache.org/maven2/org/codehaus/plexus/plexus-compiler-manager/2.0/plexus-compiler-manager-2.0.jar
2021-08-15 10:39:08,218 [AetherRepositoryConnector-repo.maven.apache.org-0-3] INFO  o.e.m.c.i.e.AbstractTransferListenerAdapter - Downloading https://repo.maven.apache.org/maven2/org/codehaus/plexus/plexus-compiler-javac/2.0/plexus-compiler-javac-2.0.jar
2021-08-15 10:39:08,309 [AetherRepositoryConnector-repo.maven.apache.org-0-0] INFO  o.e.m.c.i.e.AbstractTransferListenerAdapter - Downloaded https://repo.maven.apache.org/maven2/org/apache/maven/shared/maven-shared-incremental/1.0/maven-shared-incremental-1.0.jar
2021-08-15 10:39:08,321 [AetherRepositoryConnector-repo.maven.apache.org-0-2] INFO  o.e.m.c.i.e.AbstractTransferListenerAdapter - Downloaded https://repo.maven.apache.org/maven2/org/codehaus/plexus/plexus-compiler-manager/2.0/plexus-compiler-manager-2.0.jar
2021-08-15 10:39:08,329 [AetherRepositoryConnector-repo.maven.apache.org-0-3] INFO  o.e.m.c.i.e.AbstractTransferListenerAdapter - Downloaded https://repo.maven.apache.org/maven2/org/codehaus/plexus/plexus-compiler-javac/2.0/plexus-compiler-javac-2.0.jar
2021-08-15 10:39:08,373 [AetherRepositoryConnector-repo.maven.apache.org-0-1] INFO  o.e.m.c.i.e.AbstractTransferListenerAdapter - Downloaded https://repo.maven.apache.org/maven2/org/codehaus/plexus/plexus-compiler-api/2.0/plexus-compiler-api-2.0.jar
2021-08-15 10:39:09,066 [Worker-11: Importing Maven projects] INFO  o.e.m.c.i.l.LifecycleMappingFactory - Using org.eclipse.m2e.jdt.JarLifecycleMapping lifecycle mapping for MavenProject: Publication_Onboarding:Publication_Onboarding:0.0.1-SNAPSHOT @ C:\publication-onboarding\publication-onboarding\pom.xml.
2021-08-15 10:40:49,269 [Worker-11: Importing Maven projects] INFO  o.e.m.c.i.e.AbstractTransferListenerAdapter - Downloaded http://repo.oneplatform.build/nexus/content/repositories/central/com/vimalselvam/cucumber-extentsreport/3.1.0/cucumber-extentsreport-3.1.0.pom
2021-08-15 10:42:29,453 [Worker-11: Importing Maven projects] INFO  o.e.m.c.i.e.AbstractTransferListenerAdapter - Downloaded http://repo.oneplatform.build/nexus/content/repositories/thirdparty/com/vimalselvam/cucumber-extentsreport/3.1.0/cucumber-extentsreport-3.1.0.pom
2021-08-15 10:44:09,573 [Worker-11: Importing Maven projects] INFO  o.e.m.c.i.e.AbstractTransferListenerAdapter - Downloaded http://repo.oneplatform.build/nexus/content/repositories/datafactory/com/vimalselvam/cucumber-extentsreport/3.1.0/cucumber-extentsreport-3.1.0.pom
2021-08-15 10:44:09,736 [Worker-11: Importing Maven projects] INFO  o.e.m.c.i.e.AbstractTransferListenerAdapter - Downloading https://repo.maven.apache.org/maven2/com/vimalselvam/cucumber-extentsreport/3.1.0/cucumber-extentsreport-3.1.0.pom
2021-08-15 10:44:09,799 [Worker-11: Importing Maven projects] INFO  o.e.m.c.i.e.AbstractTransferListenerAdapter - Downloaded https://repo.maven.apache.org/maven2/com/vimalselvam/cucumber-extentsreport/3.1.0/cucumber-extentsreport-3.1.0.pom
2021-08-15 10:45:49,924 [Worker-11: Importing Maven projects] INFO  o.e.m.c.i.e.AbstractTransferListenerAdapter - Downloaded http://repo.oneplatform.build/nexus/content/repositories/central/com/aventstack/extentreports/3.1.1/extentreports-3.1.1.pom
2021-08-15 10:47:30,054 [Worker-11: Importing Maven projects] INFO  o.e.m.c.i.e.AbstractTransferListenerAdapter - Downloaded http://repo.oneplatform.build/nexus/content/repositories/thirdparty/com/aventstack/extentreports/3.1.1/extentreports-3.1.1.pom
2021-08-15 10:49:10,191 [Worker-11: Importing Maven projects] INFO  o.e.m.c.i.e.AbstractTransferListenerAdapter - Downloaded http://repo.oneplatform.build/nexus/content/repositories/datafactory/com/aventstack/extentreports/3.1.1/extentreports-3.1.1.pom
2021-08-15 10:49:10,401 [Worker-11: Importing Maven projects] INFO  o.e.m.c.i.e.AbstractTransferListenerAdapter - Downloading https://repo.maven.apache.org/maven2/com/aventstack/extentreports/3.1.1/extentreports-3.1.1.pom
2021-08-15 10:49:10,476 [Worker-11: Importing Maven projects] INFO  o.e.m.c.i.e.AbstractTransferListenerAdapter - Downloaded https://repo.maven.apache.org/maven2/com/aventstack/extentreports/3.1.1/extentreports-3.1.1.pom
2021-08-15 10:50:50,555 [Worker-11: Importing Maven projects] INFO  o.e.m.c.i.e.AbstractTransferListenerAdapter - Downloaded http://repo.oneplatform.build/nexus/content/repositories/central/org/freemarker/freemarker/2.3.23/freemarker-2.3.23.pom
2021-08-15 10:52:30,706 [Worker-11: Importing Maven projects] INFO  o.e.m.c.i.e.AbstractTransferListenerAdapter - Downloaded http://repo.oneplatform.build/nexus/content/repositories/thirdparty/org/freemarker/freemarker/2.3.23/freemarker-2.3.23.pom
2021-08-15 10:54:10,851 [Worker-11: Importing Maven projects] INFO  o.e.m.c.i.e.AbstractTransferListenerAdapter - Downloaded http://repo.oneplatform.build/nexus/content/repositories/datafactory/org/freemarker/freemarker/2.3.23/freemarker-2.3.23.pom
2021-08-15 10:54:11,014 [Worker-11: Importing Maven projects] INFO  o.e.m.c.i.e.AbstractTransferListenerAdapter - Downloading https://repo.maven.apache.org/maven2/org/freemarker/freemarker/2.3.23/freemarker-2.3.23.pom
2021-08-15 10:54:11,086 [Worker-11: Importing Maven projects] INFO  o.e.m.c.i.e.AbstractTransferListenerAdapter - Downloaded https://repo.maven.apache.org/maven2/org/freemarker/freemarker/2.3.23/freemarker-2.3.23.pom
2021-08-15 10:55:51,262 [Worker-11: Importing Maven projects] INFO  o.e.m.c.i.e.AbstractTransferListenerAdapter - Downloaded http://repo.oneplatform.build/nexus/content/repositories/central/org/mongodb/mongodb-driver/3.3.0/mongodb-driver-3.3.0.pom
2021-08-15 10:57:31,401 [Worker-11: Importing Maven projects] INFO  o.e.m.c.i.e.AbstractTransferListenerAdapter - Downloaded http://repo.oneplatform.build/nexus/content/repositories/thirdparty/org/mongodb/mongodb-driver/3.3.0/mongodb-driver-3.3.0.pom
2021-08-15 10:59:11,493 [Worker-11: Importing Maven projects] INFO  o.e.m.c.i.e.AbstractTransferListenerAdapter - Downloaded http://repo.oneplatform.build/nexus/content/repositories/datafactory/org/mongodb/mongodb-driver/3.3.0/mongodb-driver-3.3.0.pom
2021-08-15 10:59:11,663 [Worker-11: Importing Maven projects] INFO  o.e.m.c.i.e.AbstractTransferListenerAdapter - Downloading https://repo.maven.apache.org/maven2/org/mongodb/mongodb-driver/3.3.0/mongodb-driver-3.3.0.pom
2021-08-15 10:59:11,705 [Worker-11: Importing Maven projects] INFO  o.e.m.c.i.e.AbstractTransferListenerAdapter - Downloaded https://repo.maven.apache.org/maven2/org/mongodb/mongodb-driver/3.3.0/mongodb-driver-3.3.0.pom
2021-08-15 11:00:51,861 [Worker-11: Importing Maven projects] INFO  o.e.m.c.i.e.AbstractTransferListenerAdapter - Downloaded http://repo.oneplatform.build/nexus/content/repositories/central/org/mongodb/bson/3.3.0/bson-3.3.0.pom
2021-08-15 11:02:31,939 [Worker-11: Importing Maven projects] INFO  o.e.m.c.i.e.AbstractTransferListenerAdapter - Downloaded http://repo.oneplatform.build/nexus/content/repositories/thirdparty/org/mongodb/bson/3.3.0/bson-3.3.0.pom
2021-08-15 11:04:12,033 [Worker-11: Importing Maven projects] INFO  o.e.m.c.i.e.AbstractTransferListenerAdapter - Downloaded http://repo.oneplatform.build/nexus/content/repositories/datafactory/org/mongodb/bson/3.3.0/bson-3.3.0.pom
2021-08-15 11:04:12,186 [Worker-11: Importing Maven projects] INFO  o.e.m.c.i.e.AbstractTransferListenerAdapter - Downloading https://repo.maven.apache.org/maven2/org/mongodb/bson/3.3.0/bson-3.3.0.pom
2021-08-15 11:04:12,225 [Worker-11: Importing Maven projects] INFO  o.e.m.c.i.e.AbstractTransferListenerAdapter - Downloaded https://repo.maven.apache.org/maven2/org/mongodb/bson/3.3.0/bson-3.3.0.pom
2021-08-15 11:09:35,104 [Worker-11: Importing Maven projects] INFO  o.e.m.c.i.e.AbstractTransferListenerAdapter - Downloaded http://repo.oneplatform.build/nexus/content/repositories/central/org/mongodb/mongodb-driver-core/3.3.0/mongodb-driver-core-3.3.0.pom
2021-08-15 11:11:15,285 [Worker-11: Importing Maven projects] INFO  o.e.m.c.i.e.AbstractTransferListenerAdapter - Downloaded http://repo.oneplatform.build/nexus/content/repositories/thirdparty/org/mongodb/mongodb-driver-core/3.3.0/mongodb-driver-core-3.3.0.pom
2021-08-15 11:12:55,433 [Worker-11: Importing Maven projects] INFO  o.e.m.c.i.e.AbstractTransferListenerAdapter - Downloaded http://repo.oneplatform.build/nexus/content/repositories/datafactory/org/mongodb/mongodb-driver-core/3.3.0/mongodb-driver-core-3.3.0.pom
2021-08-15 11:12:55,559 [Worker-11: Importing Maven projects] INFO  o.e.m.c.i.e.AbstractTransferListenerAdapter - Downloading https://repo.maven.apache.org/maven2/org/mongodb/mongodb-driver-core/3.3.0/mongodb-driver-core-3.3.0.pom
2021-08-15 11:12:55,594 [Worker-11: Importing Maven projects] INFO  o.e.m.c.i.e.AbstractTransferListenerAdapter - Downloaded https://repo.maven.apache.org/maven2/org/mongodb/mongodb-driver-core/3.3.0/mongodb-driver-core-3.3.0.pom
2021-08-15 11:14:35,661 [Worker-11: Importing Maven projects] INFO  o.e.m.c.i.e.AbstractTransferListenerAdapter - Downloaded http://repo.oneplatform.build/nexus/content/repositories/central/org/apache/httpcomponents/httpclient/4.5.2/httpclient-4.5.2.pom
2021-08-15 11:16:15,802 [Worker-11: Importing Maven projects] INFO  o.e.m.c.i.e.AbstractTransferListenerAdapter - Downloaded http://repo.oneplatform.build/nexus/content/repositories/thirdparty/org/apache/httpcomponents/httpclient/4.5.2/httpclient-4.5.2.pom
2021-08-15 11:17:55,900 [Worker-11: Importing Maven projects] INFO  o.e.m.c.i.e.AbstractTransferListenerAdapter - Downloaded http://repo.oneplatform.build/nexus/content/repositories/datafactory/org/apache/httpcomponents/httpclient/4.5.2/httpclient-4.5.2.pom
2021-08-15 11:17:56,129 [Worker-11: Importing Maven projects] INFO  o.e.m.c.i.e.AbstractTransferListenerAdapter - Downloading https://repo.maven.apache.org/maven2/org/apache/httpcomponents/httpclient/4.5.2/httpclient-4.5.2.pom
2021-08-15 11:17:56,162 [Worker-11: Importing Maven projects] INFO  o.e.m.c.i.e.AbstractTransferListenerAdapter - Downloaded https://repo.maven.apache.org/maven2/org/apache/httpcomponents/httpclient/4.5.2/httpclient-4.5.2.pom
2021-08-15 11:19:29,351 [Worker-11: Importing Maven projects] INFO  o.e.m.c.i.e.AbstractTransferListenerAdapter - Downloaded http://repo.oneplatform.build/nexus/content/repositories/central/org/apache/httpcomponents/httpcomponents-client/4.5.2/httpcomponents-client-4.5.2.pom
2021-08-15 11:21:09,471 [Worker-11: Importing Maven projects] INFO  o.e.m.c.i.e.AbstractTransferListenerAdapter - Downloaded http://repo.oneplatform.build/nexus/content/repositories/thirdparty/org/apache/httpcomponents/httpcomponents-client/4.5.2/httpcomponents-client-4.5.2.pom
2021-08-15 11:22:49,530 [Worker-11: Importing Maven projects] INFO  o.e.m.c.i.e.AbstractTransferListenerAdapter - Downloaded http://repo.oneplatform.build/nexus/content/repositories/datafactory/org/apache/httpcomponents/httpcomponents-client/4.5.2/httpcomponents-client-4.5.2.pom
2021-08-15 11:22:49,682 [Worker-11: Importing Maven projects] INFO  o.e.m.c.i.e.AbstractTransferListenerAdapter - Downloading https://repo.maven.apache.org/maven2/org/apache/httpcomponents/httpcomponents-client/4.5.2/httpcomponents-client-4.5.2.pom
2021-08-15 11:22:49,717 [Worker-11: Importing Maven projects] INFO  o.e.m.c.i.e.AbstractTransferListenerAdapter - Downloaded https://repo.maven.apache.org/maven2/org/apache/httpcomponents/httpcomponents-client/4.5.2/httpcomponents-client-4.5.2.pom
2021-08-15 11:24:29,767 [Worker-11: Importing Maven projects] INFO  o.e.m.c.i.e.AbstractTransferListenerAdapter - Downloaded http://repo.oneplatform.build/nexus/content/repositories/central/org/apache/httpcomponents/project/7/project-7.pom
2021-08-15 11:26:09,912 [Worker-11: Importing Maven projects] INFO  o.e.m.c.i.e.AbstractTransferListenerAdapter - Downloaded http://repo.oneplatform.build/nexus/content/repositories/thirdparty/org/apache/httpcomponents/project/7/project-7.pom
2021-08-15 11:27:50,010 [Worker-11: Importing Maven projects] INFO  o.e.m.c.i.e.AbstractTransferListenerAdapter - Downloaded http://repo.oneplatform.build/nexus/content/repositories/datafactory/org/apache/httpcomponents/project/7/project-7.pom
2021-08-15 11:27:50,141 [Worker-11: Importing Maven projects] INFO  o.e.m.c.i.e.AbstractTransferListenerAdapter - Downloading https://repo.maven.apache.org/maven2/org/apache/httpcomponents/project/7/project-7.pom
2021-08-15 11:27:50,177 [Worker-11: Importing Maven projects] INFO  o.e.m.c.i.e.AbstractTransferListenerAdapter - Downloaded https://repo.maven.apache.org/maven2/org/apache/httpcomponents/project/7/project-7.pom
2021-08-15 11:29:30,243 [Worker-11: Importing Maven projects] INFO  o.e.m.c.i.e.AbstractTransferListenerAdapter - Downloaded http://repo.oneplatform.build/nexus/content/repositories/central/org/apache/httpcomponents/httpcore/4.4.4/httpcore-4.4.4.pom
2021-08-15 11:31:10,356 [Worker-11: Importing Maven projects] INFO  o.e.m.c.i.e.AbstractTransferListenerAdapter - Downloaded http://repo.oneplatform.build/nexus/content/repositories/thirdparty/org/apache/httpcomponents/httpcore/4.4.4/httpcore-4.4.4.pom
2021-08-15 11:32:50,526 [Worker-11: Importing Maven projects] INFO  o.e.m.c.i.e.AbstractTransferListenerAdapter - Downloaded http://repo.oneplatform.build/nexus/content/repositories/datafactory/org/apache/httpcomponents/httpcore/4.4.4/httpcore-4.4.4.pom
2021-08-15 11:32:50,643 [Worker-11: Importing Maven projects] INFO  o.e.m.c.i.e.AbstractTransferListenerAdapter - Downloading https://repo.maven.apache.org/maven2/org/apache/httpcomponents/httpcore/4.4.4/httpcore-4.4.4.pom
2021-08-15 11:32:50,673 [Worker-11: Importing Maven projects] INFO  o.e.m.c.i.e.AbstractTransferListenerAdapter - Downloaded https://repo.maven.apache.org/maven2/org/apache/httpcomponents/httpcore/4.4.4/httpcore-4.4.4.pom
2021-08-15 11:34:30,711 [Worker-11: Importing Maven projects] INFO  o.e.m.c.i.e.AbstractTransferListenerAdapter - Downloaded http://repo.oneplatform.build/nexus/content/repositories/central/org/apache/httpcomponents/httpcomponents-core/4.4.4/httpcomponents-core-4.4.4.pom
2021-08-15 11:36:10,892 [Worker-11: Importing Maven projects] INFO  o.e.m.c.i.e.AbstractTransferListenerAdapter - Downloaded http://repo.oneplatform.build/nexus/content/repositories/thirdparty/org/apache/httpcomponents/httpcomponents-core/4.4.4/httpcomponents-core-4.4.4.pom
2021-08-15 11:37:51,027 [Worker-11: Importing Maven projects] INFO  o.e.m.c.i.e.AbstractTransferListenerAdapter - Downloaded http://repo.oneplatform.build/nexus/content/repositories/datafactory/org/apache/httpcomponents/httpcomponents-core/4.4.4/httpcomponents-core-4.4.4.pom
2021-08-15 11:37:51,141 [Worker-11: Importing Maven projects] INFO  o.e.m.c.i.e.AbstractTransferListenerAdapter - Downloading https://repo.maven.apache.org/maven2/org/apache/httpcomponents/httpcomponents-core/4.4.4/httpcomponents-core-4.4.4.pom
2021-08-15 11:37:51,173 [Worker-11: Importing Maven projects] INFO  o.e.m.c.i.e.AbstractTransferListenerAdapter - Downloaded https://repo.maven.apache.org/maven2/org/apache/httpcomponents/httpcomponents-core/4.4.4/httpcomponents-core-4.4.4.pom
2021-08-15 11:39:31,272 [Worker-11: Importing Maven projects] INFO  o.e.m.c.i.e.AbstractTransferListenerAdapter - Downloaded http://repo.oneplatform.build/nexus/content/repositories/central/commons-logging/commons-logging/1.2/commons-logging-1.2.pom
2021-08-15 11:41:11,371 [Worker-11: Importing Maven projects] INFO  o.e.m.c.i.e.AbstractTransferListenerAdapter - Downloaded http://repo.oneplatform.build/nexus/content/repositories/thirdparty/commons-logging/commons-logging/1.2/commons-logging-1.2.pom
2021-08-15 11:42:51,522 [Worker-11: Importing Maven projects] INFO  o.e.m.c.i.e.AbstractTransferListenerAdapter - Downloaded http://repo.oneplatform.build/nexus/content/repositories/datafactory/commons-logging/commons-logging/1.2/commons-logging-1.2.pom
2021-08-15 11:42:51,773 [Worker-11: Importing Maven projects] INFO  o.e.m.c.i.e.AbstractTransferListenerAdapter - Downloading https://repo.maven.apache.org/maven2/commons-logging/commons-logging/1.2/commons-logging-1.2.pom
2021-08-15 11:42:51,807 [Worker-11: Importing Maven projects] INFO  o.e.m.c.i.e.AbstractTransferListenerAdapter - Downloaded https://repo.maven.apache.org/maven2/commons-logging/commons-logging/1.2/commons-logging-1.2.pom
2021-08-15 11:44:31,869 [Worker-11: Importing Maven projects] INFO  o.e.m.c.i.e.AbstractTransferListenerAdapter - Downloaded http://repo.oneplatform.build/nexus/content/repositories/central/org/apache/commons/commons-parent/34/commons-parent-34.pom
2021-08-15 11:46:11,955 [Worker-11: Importing Maven projects] INFO  o.e.m.c.i.e.AbstractTransferListenerAdapter - Downloaded http://repo.oneplatform.build/nexus/content/repositories/thirdparty/org/apache/commons/commons-parent/34/commons-parent-34.pom
2021-08-15 11:47:52,023 [Worker-11: Importing Maven projects] INFO  o.e.m.c.i.e.AbstractTransferListenerAdapter - Downloaded http://repo.oneplatform.build/nexus/content/repositories/datafactory/org/apache/commons/commons-parent/34/commons-parent-34.pom
2021-08-15 11:47:52,190 [Worker-11: Importing Maven projects] INFO  o.e.m.c.i.e.AbstractTransferListenerAdapter - Downloading https://repo.maven.apache.org/maven2/org/apache/commons/commons-parent/34/commons-parent-34.pom
2021-08-15 11:47:52,254 [Worker-11: Importing Maven projects] INFO  o.e.m.c.i.e.AbstractTransferListenerAdapter - Downloaded https://repo.maven.apache.org/maven2/org/apache/commons/commons-parent/34/commons-parent-34.pom
2021-08-15 11:49:32,323 [Worker-11: Importing Maven projects] INFO  o.e.m.c.i.e.AbstractTransferListenerAdapter - Downloaded http://repo.oneplatform.build/nexus/content/repositories/central/commons-codec/commons-codec/1.9/commons-codec-1.9.pom
2021-08-15 11:51:12,462 [Worker-11: Importing Maven projects] INFO  o.e.m.c.i.e.AbstractTransferListenerAdapter - Downloaded http://repo.oneplatform.build/nexus/content/repositories/thirdparty/commons-codec/commons-codec/1.9/commons-codec-1.9.pom
2021-08-15 11:52:52,650 [Worker-11: Importing Maven projects] INFO  o.e.m.c.i.e.AbstractTransferListenerAdapter - Downloaded http://repo.oneplatform.build/nexus/content/repositories/datafactory/commons-codec/commons-codec/1.9/commons-codec-1.9.pom
2021-08-15 11:52:52,853 [Worker-11: Importing Maven projects] INFO  o.e.m.c.i.e.AbstractTransferListenerAdapter - Downloading https://repo.maven.apache.org/maven2/commons-codec/commons-codec/1.9/commons-codec-1.9.pom
2021-08-15 11:52:52,916 [Worker-11: Importing Maven projects] INFO  o.e.m.c.i.e.AbstractTransferListenerAdapter - Downloaded https://repo.maven.apache.org/maven2/commons-codec/commons-codec/1.9/commons-codec-1.9.pom
2021-08-15 11:54:33,017 [Worker-11: Importing Maven projects] INFO  o.e.m.c.i.e.AbstractTransferListenerAdapter - Downloaded http://repo.oneplatform.build/nexus/content/repositories/central/org/apache/commons/commons-parent/32/commons-parent-32.pom
2021-08-15 11:56:13,105 [Worker-11: Importing Maven projects] INFO  o.e.m.c.i.e.AbstractTransferListenerAdapter - Downloaded http://repo.oneplatform.build/nexus/content/repositories/thirdparty/org/apache/commons/commons-parent/32/commons-parent-32.pom
2021-08-15 11:57:53,281 [Worker-11: Importing Maven projects] INFO  o.e.m.c.i.e.AbstractTransferListenerAdapter - Downloaded http://repo.oneplatform.build/nexus/content/repositories/datafactory/org/apache/commons/commons-parent/32/commons-parent-32.pom
2021-08-15 11:57:53,421 [Worker-11: Importing Maven projects] INFO  o.e.m.c.i.e.AbstractTransferListenerAdapter - Downloading https://repo.maven.apache.org/maven2/org/apache/commons/commons-parent/32/commons-parent-32.pom
2021-08-15 11:57:53,488 [Worker-11: Importing Maven projects] INFO  o.e.m.c.i.e.AbstractTransferListenerAdapter - Downloaded https://repo.maven.apache.org/maven2/org/apache/commons/commons-parent/32/commons-parent-32.pom
2021-08-15 11:59:33,609 [Worker-11: Importing Maven projects] INFO  o.e.m.c.i.e.AbstractTransferListenerAdapter - Downloaded http://repo.oneplatform.build/nexus/content/repositories/central/org/apache/httpcomponents/httpmime/4.5.2/httpmime-4.5.2.pom
2021-08-15 12:01:13,725 [Worker-11: Importing Maven projects] INFO  o.e.m.c.i.e.AbstractTransferListenerAdapter - Downloaded http://repo.oneplatform.build/nexus/content/repositories/thirdparty/org/apache/httpcomponents/httpmime/4.5.2/httpmime-4.5.2.pom
2021-08-15 12:02:53,822 [Worker-11: Importing Maven projects] INFO  o.e.m.c.i.e.AbstractTransferListenerAdapter - Downloaded http://repo.oneplatform.build/nexus/content/repositories/datafactory/org/apache/httpcomponents/httpmime/4.5.2/httpmime-4.5.2.pom
2021-08-15 12:02:53,982 [Worker-11: Importing Maven projects] INFO  o.e.m.c.i.e.AbstractTransferListenerAdapter - Downloading https://repo.maven.apache.org/maven2/org/apache/httpcomponents/httpmime/4.5.2/httpmime-4.5.2.pom
2021-08-15 12:02:54,044 [Worker-11: Importing Maven projects] INFO  o.e.m.c.i.e.AbstractTransferListenerAdapter - Downloaded https://repo.maven.apache.org/maven2/org/apache/httpcomponents/httpmime/4.5.2/httpmime-4.5.2.pom
2021-08-15 12:04:34,104 [Worker-11: Importing Maven projects] INFO  o.e.m.c.i.e.AbstractTransferListenerAdapter - Downloaded http://repo.oneplatform.build/nexus/content/repositories/central/org/jsoup/jsoup/1.9.2/jsoup-1.9.2.pom
2021-08-15 12:34:08,045 [Worker-11: Importing Maven projects] INFO  o.e.m.c.i.e.AbstractTransferListenerAdapter - Downloaded http://repo.oneplatform.build/nexus/content/repositories/thirdparty/org/jsoup/jsoup/1.9.2/jsoup-1.9.2.pom
2021-08-15 12:36:32,322 [Worker-0: Loading available Gradle versions] INFO  o.e.b.c.i.u.g.PublishedGradleVersions - Gradle version information cache is up-to-date. Trying to read.
2021-08-15 12:37:00,041 [Worker-19: Importing Maven projects] INFO  o.e.m.c.i.l.LifecycleMappingFactory - Using org.eclipse.m2e.jdt.JarLifecycleMapping lifecycle mapping for MavenProject: Publication_Onboarding:Publication_Onboarding:0.0.1-SNAPSHOT @ C:\publication-onboarding\publication-onboarding\pom.xml.
2021-08-15 12:38:40,316 [Worker-19: Importing Maven projects] INFO  o.e.m.c.i.e.AbstractTransferListenerAdapter - Downloaded http://repo.oneplatform.build/nexus/content/repositories/datafactory/org/jsoup/jsoup/1.9.2/jsoup-1.9.2.pom
2021-08-15 12:38:40,642 [Worker-19: Importing Maven projects] INFO  o.e.m.c.i.e.AbstractTransferListenerAdapter - Downloading https://repo.maven.apache.org/maven2/org/jsoup/jsoup/1.9.2/jsoup-1.9.2.pom
2021-08-15 12:38:40,977 [Worker-19: Importing Maven projects] INFO  o.e.m.c.i.e.AbstractTransferListenerAdapter - Downloaded https://repo.maven.apache.org/maven2/org/jsoup/jsoup/1.9.2/jsoup-1.9.2.pom
2021-08-15 12:40:21,130 [Worker-19: Importing Maven projects] INFO  o.e.m.c.i.e.AbstractTransferListenerAdapter - Downloaded http://repo.oneplatform.build/nexus/content/repositories/central/com/google/code/gson/gson/2.8.0/gson-2.8.0.pom
2021-08-15 12:41:28,280 [Worker-21: Git Repository Change Scanner] WARN  org.eclipse.jgit.lib.Repository - close() called when useCnt is already zero for Repository[C:\publication-onboarding\publication-onboarding\.git]
2021-08-15 12:42:01,224 [Worker-19: Importing Maven projects] INFO  o.e.m.c.i.e.AbstractTransferListenerAdapter - Downloaded http://repo.oneplatform.build/nexus/content/repositories/thirdparty/com/google/code/gson/gson/2.8.0/gson-2.8.0.pom
2021-08-15 12:43:41,314 [Worker-19: Importing Maven projects] INFO  o.e.m.c.i.e.AbstractTransferListenerAdapter - Downloaded http://repo.oneplatform.build/nexus/content/repositories/datafactory/com/google/code/gson/gson/2.8.0/gson-2.8.0.pom
2021-08-15 12:43:41,469 [Worker-19: Importing Maven projects] INFO  o.e.m.c.i.e.AbstractTransferListenerAdapter - Downloading https://repo.maven.apache.org/maven2/com/google/code/gson/gson/2.8.0/gson-2.8.0.pom
2021-08-15 12:43:41,513 [Worker-19: Importing Maven projects] INFO  o.e.m.c.i.e.AbstractTransferListenerAdapter - Downloaded https://repo.maven.apache.org/maven2/com/google/code/gson/gson/2.8.0/gson-2.8.0.pom
2021-08-15 12:45:21,608 [Worker-19: Importing Maven projects] INFO  o.e.m.c.i.e.AbstractTransferListenerAdapter - Downloaded http://repo.oneplatform.build/nexus/content/repositories/central/com/google/code/gson/gson-parent/2.8.0/gson-parent-2.8.0.pom
2021-08-15 12:47:01,702 [Worker-19: Importing Maven projects] INFO  o.e.m.c.i.e.AbstractTransferListenerAdapter - Downloaded http://repo.oneplatform.build/nexus/content/repositories/thirdparty/com/google/code/gson/gson-parent/2.8.0/gson-parent-2.8.0.pom
2021-08-15 12:48:41,870 [Worker-19: Importing Maven projects] INFO  o.e.m.c.i.e.AbstractTransferListenerAdapter - Downloaded http://repo.oneplatform.build/nexus/content/repositories/datafactory/com/google/code/gson/gson-parent/2.8.0/gson-parent-2.8.0.pom
2021-08-15 12:48:42,300 [Worker-19: Importing Maven projects] INFO  o.e.m.c.i.e.AbstractTransferListenerAdapter - Downloading https://repo.maven.apache.org/maven2/com/google/code/gson/gson-parent/2.8.0/gson-parent-2.8.0.pom
2021-08-15 12:48:42,527 [Worker-19: Importing Maven projects] INFO  o.e.m.c.i.e.AbstractTransferListenerAdapter - Downloaded https://repo.maven.apache.org/maven2/com/google/code/gson/gson-parent/2.8.0/gson-parent-2.8.0.pom
2021-08-15 12:50:22,617 [Worker-19: Importing Maven projects] INFO  o.e.m.c.i.e.AbstractTransferListenerAdapter - Downloaded http://repo.oneplatform.build/nexus/content/repositories/central/info/cukes/cucumber-jvm/1.2.2/cucumber-jvm-1.2.2.pom
2021-08-15 12:52:02,718 [Worker-19: Importing Maven projects] INFO  o.e.m.c.i.e.AbstractTransferListenerAdapter - Downloaded http://repo.oneplatform.build/nexus/content/repositories/thirdparty/info/cukes/cucumber-jvm/1.2.2/cucumber-jvm-1.2.2.pom
2021-08-15 12:53:42,862 [Worker-19: Importing Maven projects] INFO  o.e.m.c.i.e.AbstractTransferListenerAdapter - Downloaded http://repo.oneplatform.build/nexus/content/repositories/datafactory/info/cukes/cucumber-jvm/1.2.2/cucumber-jvm-1.2.2.pom
2021-08-15 12:53:43,004 [Worker-19: Importing Maven projects] INFO  o.e.m.c.i.e.AbstractTransferListenerAdapter - Downloading https://repo.maven.apache.org/maven2/info/cukes/cucumber-jvm/1.2.2/cucumber-jvm-1.2.2.pom
2021-08-15 12:53:43,056 [Worker-19: Importing Maven projects] INFO  o.e.m.c.i.e.AbstractTransferListenerAdapter - Downloaded https://repo.maven.apache.org/maven2/info/cukes/cucumber-jvm/1.2.2/cucumber-jvm-1.2.2.pom
2021-08-15 12:55:23,139 [Worker-19: Importing Maven projects] INFO  o.e.m.c.i.e.AbstractTransferListenerAdapter - Downloaded http://repo.oneplatform.build/nexus/content/repositories/central/info/cukes/cucumber-core/1.2.2/cucumber-core-1.2.2.pom
2021-08-15 12:57:03,204 [Worker-19: Importing Maven projects] INFO  o.e.m.c.i.e.AbstractTransferListenerAdapter - Downloaded http://repo.oneplatform.build/nexus/content/repositories/thirdparty/info/cukes/cucumber-core/1.2.2/cucumber-core-1.2.2.pom
2021-08-15 12:58:43,320 [Worker-19: Importing Maven projects] INFO  o.e.m.c.i.e.AbstractTransferListenerAdapter - Downloaded http://repo.oneplatform.build/nexus/content/repositories/datafactory/info/cukes/cucumber-core/1.2.2/cucumber-core-1.2.2.pom
2021-08-15 12:58:43,497 [Worker-19: Importing Maven projects] INFO  o.e.m.c.i.e.AbstractTransferListenerAdapter - Downloading https://repo.maven.apache.org/maven2/info/cukes/cucumber-core/1.2.2/cucumber-core-1.2.2.pom
2021-08-15 12:58:43,616 [Worker-19: Importing Maven projects] INFO  o.e.m.c.i.e.AbstractTransferListenerAdapter - Downloaded https://repo.maven.apache.org/maven2/info/cukes/cucumber-core/1.2.2/cucumber-core-1.2.2.pom
2021-08-15 14:56:31,136 [Worker-19: Importing Maven projects] INFO  o.e.m.c.i.e.AbstractTransferListenerAdapter - Downloaded http://repo.oneplatform.build/nexus/content/repositories/central/info/cukes/cucumber-html/0.2.3/cucumber-html-0.2.3.pom
2021-08-15 14:58:11,230 [Worker-19: Importing Maven projects] INFO  o.e.m.c.i.e.AbstractTransferListenerAdapter - Downloaded http://repo.oneplatform.build/nexus/content/repositories/thirdparty/info/cukes/cucumber-html/0.2.3/cucumber-html-0.2.3.pom
2021-08-15 14:59:51,389 [Worker-19: Importing Maven projects] INFO  o.e.m.c.i.e.AbstractTransferListenerAdapter - Downloaded http://repo.oneplatform.build/nexus/content/repositories/datafactory/info/cukes/cucumber-html/0.2.3/cucumber-html-0.2.3.pom
2021-08-15 14:59:51,510 [Worker-19: Importing Maven projects] INFO  o.e.m.c.i.e.AbstractTransferListenerAdapter - Downloading https://repo.maven.apache.org/maven2/info/cukes/cucumber-html/0.2.3/cucumber-html-0.2.3.pom
2021-08-15 14:59:51,541 [Worker-19: Importing Maven projects] INFO  o.e.m.c.i.e.AbstractTransferListenerAdapter - Downloaded https://repo.maven.apache.org/maven2/info/cukes/cucumber-html/0.2.3/cucumber-html-0.2.3.pom
2021-08-15 15:01:31,593 [Worker-19: Importing Maven projects] INFO  o.e.m.c.i.e.AbstractTransferListenerAdapter - Downloaded http://repo.oneplatform.build/nexus/content/repositories/central/org/sonatype/oss/oss-parent/6/oss-parent-6.pom
2021-08-15 15:17:13,282 [Worker-0: Loading available Gradle versions] INFO  o.e.b.c.i.u.g.PublishedGradleVersions - Gradle version information cache is up-to-date. Trying to read.
